<?xml version="1.0" encoding="UTF-8"?>
<!-- Generated by org.testng.reporters.JUnitReportReporter -->
<testsuite hostname="LAPTOP-LD6OEBJA" failures="0" tests="1" name="ltDemo.LTExample" time="14.937" errors="0" timestamp="2025-03-30T18:13:41 IST" skipped="0">
  <testcase classname="ltDemo.LTExample" name="Scenario1" time="14.937"/>
</testsuite> <!-- ltDemo.LTExample -->
