<?xml version="1.0" encoding="UTF-8"?>
<!-- Generated by org.testng.reporters.JUnitReportReporter -->
<testsuite hostname="LAPTOP-LD6OEBJA" failures="0" tests="1" name="ltDemo.LTExample2" time="14.104" errors="0" timestamp="2025-03-30T18:14:05 IST" skipped="0">
  <testcase classname="ltDemo.LTExample2" name="Scenario2" time="14.104"/>
</testsuite> <!-- ltDemo.LTExample2 -->
