<?xml version="1.0" encoding="UTF-8"?>
<!-- Generated by org.testng.reporters.JUnitReportReporter -->
<testsuite hostname="LAPTOP-LD6OEBJA" failures="0" tests="1" name="ltDemo.LTExample3" time="18.166" errors="0" timestamp="2025-03-30T18:14:33 IST" skipped="0">
  <testcase classname="ltDemo.LTExample3" name="Scenario3" time="18.166"/>
</testsuite> <!-- ltDemo.LTExample3 -->
